<?xml version="1.0" encoding="UTF-8"?>
<robot generator="Robot 6.0.2 (Python 3.11.1 on darwin)" generated="20230216 14:38:39.187" rpa="false" schemaversion="3">
<suite id="s1" name="Search" source="/Users/iliastepushchenko/Code/robot_framework_selenium/tests/ebay/search.robot">
<test id="s1-t1" name="Verify basic search functionality for eBay" line="11">
<kw name="Start browser" library="browser_factory">
<kw name="Open Browser" library="SeleniumLibrary">
<arg>https://ebay.com</arg>
<arg>chrome</arg>
<doc>Opens a new browser instance to the optional ``url``.</doc>
<msg timestamp="20230216 14:38:39.278" level="INFO">Opening browser 'chrome' to base url 'https://ebay.com'.</msg>
<status status="PASS" starttime="20230216 14:38:39.278" endtime="20230216 14:38:52.052"/>
</kw>
<status status="PASS" starttime="20230216 14:38:39.277" endtime="20230216 14:38:52.053"/>
</kw>
<kw name="Verify search results" library="shared_steps">
<kw name="Input Text" library="SeleniumLibrary">
<arg>xpath://input[@class='gh-tb ui-autocomplete-input']</arg>
<arg>mobile</arg>
<doc>Types the given ``text`` into the text field identified by ``locator``.</doc>
<msg timestamp="20230216 14:38:52.055" level="INFO">Typing text 'mobile' into text field 'xpath://input[@class='gh-tb ui-autocomplete-input']'.</msg>
<status status="PASS" starttime="20230216 14:38:52.054" endtime="20230216 14:38:54.633"/>
</kw>
<kw name="Press Keys" library="SeleniumLibrary">
<arg>id:gh-btn</arg>
<arg>[Return]</arg>
<doc>Simulates the user pressing key(s) to an element or on the active browser.</doc>
<msg timestamp="20230216 14:38:54.637" level="INFO">Sending key(s) ('[Return]',) to id:gh-btn element.</msg>
<msg timestamp="20230216 14:39:07.526" level="INFO">Sending keys [Return]</msg>
<status status="PASS" starttime="20230216 14:38:54.633" endtime="20230216 14:39:08.118"/>
</kw>
<kw name="Page Should Contain" library="SeleniumLibrary">
<arg>Apple</arg>
<doc>Verifies that current page contains ``text``.</doc>
<msg timestamp="20230216 14:39:09.818" level="INFO">Current page contains text 'Apple'.</msg>
<status status="PASS" starttime="20230216 14:39:08.119" endtime="20230216 14:39:09.818"/>
</kw>
<status status="PASS" starttime="20230216 14:38:52.053" endtime="20230216 14:39:09.819"/>
</kw>
<kw name="Finish browser" library="browser_factory">
<kw name="Close Browser" library="SeleniumLibrary">
<doc>Closes the current browser.</doc>
<status status="PASS" starttime="20230216 14:39:09.819" endtime="20230216 14:39:09.900"/>
</kw>
<status status="PASS" starttime="20230216 14:39:09.819" endtime="20230216 14:39:09.900"/>
</kw>
<doc>This test case verify the basic search</doc>
<tag>Functional</tag>
<status status="PASS" starttime="20230216 14:38:39.277" endtime="20230216 14:39:09.901"/>
</test>
<doc>Basic search functionality</doc>
<status status="PASS" starttime="20230216 14:38:39.187" endtime="20230216 14:39:09.901"/>
</suite>
<statistics>
<total>
<stat pass="1" fail="0" skip="0">All Tests</stat>
</total>
<tag>
<stat pass="1" fail="0" skip="0">Functional</stat>
</tag>
<suite>
<stat pass="1" fail="0" skip="0" id="s1" name="Search">Search</stat>
</suite>
</statistics>
<errors>
</errors>
</robot>
