<?xml version="1.0" encoding="UTF-8"?>
<robot generator="Robot 6.0.2 (Python 3.11.1 on darwin)" generated="20230216 21:04:42.570" rpa="false" schemaversion="3">
<suite id="s1" name="Search" source="/Users/iliastepushchenko/Code/robot_framework_selenium/tests/ebay/search.robot">
<test id="s1-t1" name="Verify basic search functionality for eBay" line="14">
<kw name="Start browser" library="browser_factory" type="SETUP">
<kw name="Open Browser" library="SeleniumLibrary">
<arg>https://ebay.com</arg>
<arg>chrome</arg>
<doc>Opens a new browser instance to the optional ``url``.</doc>
<msg timestamp="20230216 21:04:42.655" level="INFO">Opening browser 'chrome' to base url 'https://ebay.com'.</msg>
<status status="PASS" starttime="20230216 21:04:42.654" endtime="20230216 21:04:54.523"/>
</kw>
<status status="PASS" starttime="20230216 21:04:42.654" endtime="20230216 21:04:54.523"/>
</kw>
<kw name="Verify search results" library="shared_steps">
<kw name="Input Text" library="SeleniumLibrary">
<arg>xpath://input[@class='gh-tb ui-autocomplete-input']</arg>
<arg>mobile</arg>
<doc>Types the given ``text`` into the text field identified by ``locator``.</doc>
<msg timestamp="20230216 21:04:54.525" level="INFO">Typing text 'mobile' into text field 'xpath://input[@class='gh-tb ui-autocomplete-input']'.</msg>
<status status="PASS" starttime="20230216 21:04:54.524" endtime="20230216 21:04:58.313"/>
</kw>
<kw name="Press Keys" library="SeleniumLibrary">
<arg>id:gh-btn</arg>
<arg>[Return]</arg>
<doc>Simulates the user pressing key(s) to an element or on the active browser.</doc>
<msg timestamp="20230216 21:04:58.314" level="INFO">Sending key(s) ('[Return]',) to id:gh-btn element.</msg>
<msg timestamp="20230216 21:05:09.193" level="INFO">Sending keys [Return]</msg>
<status status="PASS" starttime="20230216 21:04:58.313" endtime="20230216 21:05:09.214"/>
</kw>
<kw name="Page Should Contain" library="SeleniumLibrary">
<arg>Apple</arg>
<doc>Verifies that current page contains ``text``.</doc>
<msg timestamp="20230216 21:05:09.279" level="INFO">Current page contains text 'Apple'.</msg>
<status status="PASS" starttime="20230216 21:05:09.214" endtime="20230216 21:05:09.279"/>
</kw>
<status status="PASS" starttime="20230216 21:04:54.524" endtime="20230216 21:05:09.279"/>
</kw>
<kw name="Finish browser" library="browser_factory" type="TEARDOWN">
<kw name="Close Browser" library="SeleniumLibrary">
<doc>Closes the current browser.</doc>
<status status="PASS" starttime="20230216 21:05:09.279" endtime="20230216 21:05:09.367"/>
</kw>
<status status="PASS" starttime="20230216 21:05:09.279" endtime="20230216 21:05:09.368"/>
</kw>
<tag>Functional</tag>
<status status="PASS" starttime="20230216 21:04:42.654" endtime="20230216 21:05:09.368"/>
</test>
<doc>Basic search functionality</doc>
<status status="PASS" starttime="20230216 21:04:42.570" endtime="20230216 21:05:09.368"/>
</suite>
<statistics>
<total>
<stat pass="1" fail="0" skip="0">All Tests</stat>
</total>
<tag>
<stat pass="1" fail="0" skip="0">Functional</stat>
</tag>
<suite>
<stat pass="1" fail="0" skip="0" id="s1" name="Search">Search</stat>
</suite>
</statistics>
<errors>
</errors>
</robot>
