<?xml version="1.0" encoding="UTF-8"?>
<robot generator="Robot 6.0.2 (Python 3.11.1 on darwin)" generated="20230214 18:55:42.564" rpa="false" schemaversion="3">
<suite id="s1" name="Googlesearch" source="/Users/iliastepushchenko/Code/robot_framework_selenium/tests/google/googlesearch.robot">
<test id="s1-t1" name="Open and close Google Search page" line="8">
<kw name="Open Browser" library="SeleniumLibrary">
<arg>https://google.com</arg>
<arg>chrome</arg>
<doc>Opens a new browser instance to the optional ``url``.</doc>
<msg timestamp="20230214 18:55:42.647" level="INFO">Opening browser 'chrome' to base url 'https://google.com'.</msg>
<status status="PASS" starttime="20230214 18:55:42.647" endtime="20230214 18:55:51.912"/>
</kw>
<kw name="Close Browser" library="SeleniumLibrary">
<doc>Closes the current browser.</doc>
<status status="PASS" starttime="20230214 18:55:51.913" endtime="20230214 18:55:51.979"/>
</kw>
<doc>Google Search test</doc>
<tag>regression</tag>
<status status="PASS" starttime="20230214 18:55:42.646" endtime="20230214 18:55:51.979"/>
</test>
<status status="PASS" starttime="20230214 18:55:42.565" endtime="20230214 18:55:51.980"/>
</suite>
<statistics>
<total>
<stat pass="1" fail="0" skip="0">All Tests</stat>
</total>
<tag>
<stat pass="1" fail="0" skip="0">regression</stat>
</tag>
<suite>
<stat pass="1" fail="0" skip="0" id="s1" name="Googlesearch">Googlesearch</stat>
</suite>
</statistics>
<errors>
</errors>
</robot>
